<?xml version="1.0" encoding="UTF-8"?>
<!-- Generated by org.testng.reporters.JUnitXMLReporter -->
<testsuite ignored="6" hostname="Prernas-MBP" failures="1" tests="3" name="Sanity" time="0.016" errors="0" timestamp="2023-04-10T12:47:08 EDT">
  <testcase classname="testSuite1.Module1" name="test001" time="0.003">
    <failure type="java.lang.AssertionError" message="expected [true] but found [false]">
      <![CDATA[java.lang.AssertionError: expected [true] but found [false]
at testSuite1.Module1.test001(Module1.java:27)
at java.base/java.util.ArrayList.forEach(ArrayList.java:1511)
... Removed 33 stack frames]]>
    </failure>
  </testcase> <!-- test001 -->
  <testcase classname="testSuite1.Module2" name="test001" time="0.001"/>
  <testcase classname="testSuite1.Module2" name="test002" time="0.0"/>
  <testcase classname="testSuite1.Module1" name="test003" time="0.0">
    <ignored/>
  </testcase> <!-- test003 -->
  <testcase classname="testSuite1.Module1" name="test002" time="0.0">
    <ignored/>
  </testcase> <!-- test002 -->
  <testcase classname="testSuite1.Module2" name="test003" time="0.0">
    <ignored/>
  </testcase> <!-- test003 -->
  <testcase classname="testSuite1.Module1" name="login" time="0.0">
    <ignored/>
  </testcase> <!-- login -->
  <testcase classname="testSuite1.Module1" name="test004" time="0.0">
    <ignored/>
  </testcase> <!-- test004 -->
  <testcase classname="testSuite1.Module1" name="testMethod" time="0.0">
    <ignored/>
  </testcase> <!-- testMethod -->
</testsuite> <!-- Sanity -->
